========================================
   ProF Quick Global Hosting Setup
========================================

Current directory: C:\Users\Gilbert\Documents\ProF\

If this script closes instantly, something failed. 
This version will now pause before exiting.

Press any key to continue . . . 
✅ Found package.json - we're in the right directory

[1/4] Checking for ngrok...
else was unexpected at this time.
========================================
  ProF Quick Global Hosting Setup Log
  Run started: Sun 09/07/2025 19:02:34.16
========================================
========================================
  ProF Quick Global Hosting Setup Log
  Run started: Sun 09/07/2025 19:03:02.69
========================================
========================================
  ProF Quick Global Hosting Setup Log
  Run started: Sun 09/07/2025 20:09:50.62
========================================
========================================
  ProF Quick Global Hosting Setup Log
  Run started: Sun 09/07/2025 20:17:39.55
========================================
========================================
  ProF Quick Global Hosting Setup Log
  Run started: Sun 09/07/2025 20:20:35.58
========================================
